Arguments: 
  C:\Program Files\nodejs\node.exe D:\Program Files (x86)\Yarn\bin\yarn.js add immutable --save

PATH: 
  C:\ProgramData\Oracle\Java\javapath;C:\Program Files (x86)\Intel\iCLS Client\;C:\Program Files\Intel\iCLS Client\;C:\windows\system32;C:\windows;C:\windows\System32\Wbem;C:\windows\System32\WindowsPowerShell\v1.0\;C:\Program Files\Intel\Intel(R) Management Engine Components\DAL;C:\Program Files (x86)\Intel\Intel(R) Management Engine Components\DAL;C:\Program Files\Intel\Intel(R) Management Engine Components\IPT;C:\Program Files (x86)\Intel\Intel(R) Management Engine Components\IPT;C:\Users\lihongyin\AppData\Roaming\npm;D:\Program Files\phantomjs-2.1.1-windows\bin;D:\Program Files\Git\bin;D:\Program Files\MongoDB\Server\3.2\bin;D:\Program Files\Git\usr\bin;D:\Program Files\Python27;C:\Program Files\Emscripten\emscripten\1.35.0;C:\Program Files\Emscripten;C:\Program Files\Emscripten\clang\e1.35.0_64bit;C:\Program Files\Emscripten\node\0.12.2_64bit;C:\Program Files\Emscripten\python\2.7.5.3_64bit;C:\Program Files\Emscripten\crunch\1.03;C:\Program Files\Emscripten\mingw\4.6.2_32bit;C:\Users\lihongyin\.dnx\bin;C:\Program Files\Microsoft DNX\Dnvm\;C:\Program Files (x86)\Windows Kits\8.1\Windows Performance Toolkit\;C:\Program Files\Microsoft SQL Server\130\Tools\Binn\;C:\Program Files\Microsoft\Web Platform Installer\;D:\Program Files (x86)\mysql-server\bin;C:\Program Files\Git\cmd;C:\Program Files\TortoiseSVN\bin;D:\Program Files (x86)\Yarn\bin;C:\Program Files\Java\jdk1.8.0_111\bin;C:\Program Files\Java\jdk1.8.0_111\jre\bin;C:\Program Files\nodejs\;C:\Program Files (x86)\Microsoft VS Code\bin;C:\Users\lihongyin\AppData\Local\Yarn\.bin

Yarn version: 
  0.16.1

Node version: 
  6.9.2

Platform: 
  win32 x64

npm manifest: 
  {
    "name": "stock",
    "version": "0.0.1",
    "private": true,
    "scripts": {
      "start": "node node_modules/react-native/local-cli/cli.js start",
      "test": "jest"
    },
    "dependencies": {
      "alt": "^0.18.6",
      "react": "~15.4.0",
      "react-native": "0.41.2",
      "react-native-android-lib": "^1.0.2",
      "react-native-chart-android": "^1.0.8",
      "react-native-icons": "^0.7.1",
      "react-native-scrollable-tab-view": "^0.7.2",
      "react-native-voise": "^1.0.1"
    },
    "devDependencies": {
      "babel-jest": "18.0.0",
      "babel-preset-react-native": "1.9.1",
      "jest": "18.1.0",
      "react-test-renderer": "~15.4.0"
    },
    "jest": {
      "preset": "react-native"
    }
  }

yarn manifest: 
  No manifest

bower manifest: 
  No manifest

Lockfile: 
  No lockfile

Trace: 
  Error: connect ETIMEDOUT 104.16.62.173:443
      at Object.exports._errnoException (util.js:1022:11)
      at exports._exceptionWithHostPort (util.js:1045:20)
      at TCPConnectWrap.afterConnect [as oncomplete] (net.js:1087:14)
